2022-02-13 15:14:37,422 WARN [http-nio-9001-exec-2] c.z.h.p.PoolBase [PoolBase.java:176] MyHikariCP - Failed to validate connection com.mysql.cj.jdbc.ConnectionImpl@67503248 (No operations allowed after connection closed.). Possibly consider using a shorter maxLifetime value.
2022-02-13 15:14:40,207 WARN [http-nio-9001-exec-9] c.z.h.p.PoolBase [PoolBase.java:176] MyHikariCP - Failed to validate connection com.mysql.cj.jdbc.ConnectionImpl@8786083 (No operations allowed after connection closed.). Possibly consider using a shorter maxLifetime value.
2022-02-13 15:14:42,447 WARN [http-nio-9001-exec-2] c.z.h.p.PoolBase [PoolBase.java:176] MyHikariCP - Failed to validate connection com.mysql.cj.jdbc.ConnectionImpl@c70167c (No operations allowed after connection closed.). Possibly consider using a shorter maxLifetime value.
2022-02-13 15:14:45,217 WARN [http-nio-9001-exec-9] c.z.h.p.PoolBase [PoolBase.java:176] MyHikariCP - Failed to validate connection com.mysql.cj.jdbc.ConnectionImpl@4fefca3a (No operations allowed after connection closed.). Possibly consider using a shorter maxLifetime value.
2022-02-13 15:14:47,457 WARN [http-nio-9001-exec-2] c.z.h.p.PoolBase [PoolBase.java:176] MyHikariCP - Failed to validate connection com.mysql.cj.jdbc.ConnectionImpl@159abb5d (No operations allowed after connection closed.). Possibly consider using a shorter maxLifetime value.
2022-02-13 15:54:10,666 WARN [http-nio-9001-exec-1] c.z.h.p.PoolBase [PoolBase.java:176] MyHikariCP - Failed to validate connection com.mysql.cj.jdbc.ConnectionImpl@51d7cb43 (No operations allowed after connection closed.). Possibly consider using a shorter maxLifetime value.
2022-02-13 15:54:15,684 WARN [http-nio-9001-exec-1] c.z.h.p.PoolBase [PoolBase.java:176] MyHikariCP - Failed to validate connection com.mysql.cj.jdbc.ConnectionImpl@712f83b2 (No operations allowed after connection closed.). Possibly consider using a shorter maxLifetime value.
2022-02-13 15:54:20,696 WARN [http-nio-9001-exec-1] c.z.h.p.PoolBase [PoolBase.java:176] MyHikariCP - Failed to validate connection com.mysql.cj.jdbc.ConnectionImpl@2d44bb12 (No operations allowed after connection closed.). Possibly consider using a shorter maxLifetime value.
2022-02-13 15:54:25,707 WARN [http-nio-9001-exec-1] c.z.h.p.PoolBase [PoolBase.java:176] MyHikariCP - Failed to validate connection com.mysql.cj.jdbc.ConnectionImpl@6647cbf8 (No operations allowed after connection closed.). Possibly consider using a shorter maxLifetime value.
2022-02-13 15:54:30,727 WARN [http-nio-9001-exec-1] c.z.h.p.PoolBase [PoolBase.java:176] MyHikariCP - Failed to validate connection com.mysql.cj.jdbc.ConnectionImpl@365e0abd (No operations allowed after connection closed.). Possibly consider using a shorter maxLifetime value.
2022-02-13 16:09:55,695 WARN [http-nio-9001-exec-9] c.z.h.p.PoolBase [PoolBase.java:176] MyHikariCP - Failed to validate connection com.mysql.cj.jdbc.ConnectionImpl@2058f411 (No operations allowed after connection closed.). Possibly consider using a shorter maxLifetime value.
2022-02-13 16:10:00,701 WARN [http-nio-9001-exec-9] c.z.h.p.PoolBase [PoolBase.java:176] MyHikariCP - Failed to validate connection com.mysql.cj.jdbc.ConnectionImpl@7807cf79 (No operations allowed after connection closed.). Possibly consider using a shorter maxLifetime value.
2022-02-13 16:10:05,707 WARN [http-nio-9001-exec-9] c.z.h.p.PoolBase [PoolBase.java:176] MyHikariCP - Failed to validate connection com.mysql.cj.jdbc.ConnectionImpl@352797b0 (No operations allowed after connection closed.). Possibly consider using a shorter maxLifetime value.
2022-02-13 16:10:10,713 WARN [http-nio-9001-exec-9] c.z.h.p.PoolBase [PoolBase.java:176] MyHikariCP - Failed to validate connection com.mysql.cj.jdbc.ConnectionImpl@56f60668 (No operations allowed after connection closed.). Possibly consider using a shorter maxLifetime value.
2022-02-13 16:10:15,722 WARN [http-nio-9001-exec-9] c.z.h.p.PoolBase [PoolBase.java:176] MyHikariCP - Failed to validate connection com.mysql.cj.jdbc.ConnectionImpl@4caa03d0 (No operations allowed after connection closed.). Possibly consider using a shorter maxLifetime value.
2022-02-13 19:42:35,636 WARN [http-nio-9001-exec-4] c.z.h.p.PoolBase [PoolBase.java:176] MyHikariCP - Failed to validate connection com.mysql.cj.jdbc.ConnectionImpl@7965f1d1 (No operations allowed after connection closed.). Possibly consider using a shorter maxLifetime value.
2022-02-13 19:42:40,656 WARN [http-nio-9001-exec-4] c.z.h.p.PoolBase [PoolBase.java:176] MyHikariCP - Failed to validate connection com.mysql.cj.jdbc.ConnectionImpl@3e6bcd17 (No operations allowed after connection closed.). Possibly consider using a shorter maxLifetime value.
2022-02-13 19:42:45,660 WARN [http-nio-9001-exec-4] c.z.h.p.PoolBase [PoolBase.java:176] MyHikariCP - Failed to validate connection com.mysql.cj.jdbc.ConnectionImpl@2a51d0ee (No operations allowed after connection closed.). Possibly consider using a shorter maxLifetime value.
2022-02-13 19:42:50,671 WARN [http-nio-9001-exec-4] c.z.h.p.PoolBase [PoolBase.java:176] MyHikariCP - Failed to validate connection com.mysql.cj.jdbc.ConnectionImpl@102b0410 (No operations allowed after connection closed.). Possibly consider using a shorter maxLifetime value.
2022-02-13 19:42:51,889 WARN [http-nio-9001-exec-4] c.z.h.p.PoolBase [PoolBase.java:176] MyHikariCP - Failed to validate connection com.mysql.cj.jdbc.ConnectionImpl@45afb04c (No operations allowed after connection closed.). Possibly consider using a shorter maxLifetime value.
2022-02-13 19:42:55,185 WARN [http-nio-9001-exec-4] o.s.w.s.m.m.a.ExceptionHandlerExceptionResolver [ExceptionHandlerExceptionResolver.java:420] Failure in @ExceptionHandler public edu.xidian.pnaWeb.web.model.Response edu.xidian.pnaWeb.web.handler.ExceptionAdvice.exceptionHandler(java.lang.Exception)
java.lang.NullPointerException: null
	at org.springframework.web.util.UrlPathHelper.removeJsessionid(UrlPathHelper.java:522)
	at org.springframework.web.util.UrlPathHelper.removeSemicolonContent(UrlPathHelper.java:507)
	at org.springframework.web.util.UrlPathHelper.decodeAndCleanUriString(UrlPathHelper.java:440)
	at org.springframework.web.util.UrlPathHelper.getOriginatingRequestUri(UrlPathHelper.java:387)
	at org.springframework.web.servlet.mvc.method.annotation.AbstractMessageConverterMethodProcessor.addContentDispositionHeader(AbstractMessageConverterMethodProcessor.java:429)
	at org.springframework.web.servlet.mvc.method.annotation.AbstractMessageConverterMethodProcessor.writeWithMessageConverters(AbstractMessageConverterMethodProcessor.java:289)
	at org.springframework.web.servlet.mvc.method.annotation.RequestResponseBodyMethodProcessor.handleReturnValue(RequestResponseBodyMethodProcessor.java:181)
	at org.springframework.web.method.support.HandlerMethodReturnValueHandlerComposite.handleReturnValue(HandlerMethodReturnValueHandlerComposite.java:82)
	at org.springframework.web.servlet.mvc.method.annotation.ServletInvocableHandlerMethod.invokeAndHandle(ServletInvocableHandlerMethod.java:123)
	at org.springframework.web.servlet.mvc.method.annotation.ExceptionHandlerExceptionResolver.doResolveHandlerMethodException(ExceptionHandlerExceptionResolver.java:409)
	at org.springframework.web.servlet.handler.AbstractHandlerMethodExceptionResolver.doResolveException(AbstractHandlerMethodExceptionResolver.java:61)
	at org.springframework.web.servlet.handler.AbstractHandlerExceptionResolver.resolveException(AbstractHandlerExceptionResolver.java:141)
	at org.springframework.web.servlet.handler.HandlerExceptionResolverComposite.resolveException(HandlerExceptionResolverComposite.java:80)
	at org.springframework.web.servlet.DispatcherServlet.processHandlerException(DispatcherServlet.java:1299)
	at org.springframework.web.servlet.DispatcherServlet.processDispatchResult(DispatcherServlet.java:1111)
	at org.springframework.web.servlet.DispatcherServlet.doDispatch(DispatcherServlet.java:1057)
	at org.springframework.web.servlet.DispatcherServlet.doService(DispatcherServlet.java:943)
	at org.springframework.web.servlet.FrameworkServlet.processRequest(FrameworkServlet.java:1006)
	at org.springframework.web.servlet.FrameworkServlet.doPost(FrameworkServlet.java:909)
	at javax.servlet.http.HttpServlet.service(HttpServlet.java:660)
	at org.springframework.web.servlet.FrameworkServlet.service(FrameworkServlet.java:883)
	at javax.servlet.http.HttpServlet.service(HttpServlet.java:741)
	at org.apache.catalina.core.ApplicationFilterChain.internalDoFilter(ApplicationFilterChain.java:231)
	at org.apache.catalina.core.ApplicationFilterChain.doFilter(ApplicationFilterChain.java:166)
	at org.apache.tomcat.websocket.server.WsFilter.doFilter(WsFilter.java:53)
	at org.apache.catalina.core.ApplicationFilterChain.internalDoFilter(ApplicationFilterChain.java:193)
	at org.apache.catalina.core.ApplicationFilterChain.doFilter(ApplicationFilterChain.java:166)
	at edu.xidian.pnaWeb.web.config.EnhanceReqFilter.doFilter(EnhanceReqFilter.java:28)
	at org.apache.catalina.core.ApplicationFilterChain.internalDoFilter(ApplicationFilterChain.java:193)
	at org.apache.catalina.core.ApplicationFilterChain.doFilter(ApplicationFilterChain.java:166)
	at org.springframework.web.filter.RequestContextFilter.doFilterInternal(RequestContextFilter.java:100)
	at org.springframework.web.filter.OncePerRequestFilter.doFilter(OncePerRequestFilter.java:119)
	at org.apache.catalina.core.ApplicationFilterChain.internalDoFilter(ApplicationFilterChain.java:193)
	at org.apache.catalina.core.ApplicationFilterChain.doFilter(ApplicationFilterChain.java:166)
	at org.springframework.web.filter.FormContentFilter.doFilterInternal(FormContentFilter.java:93)
	at org.springframework.web.filter.OncePerRequestFilter.doFilter(OncePerRequestFilter.java:119)
	at org.apache.catalina.core.ApplicationFilterChain.internalDoFilter(ApplicationFilterChain.java:193)
	at org.apache.catalina.core.ApplicationFilterChain.doFilter(ApplicationFilterChain.java:166)
	at org.springframework.web.filter.HiddenHttpMethodFilter.doFilterInternal(HiddenHttpMethodFilter.java:94)
	at org.springframework.web.filter.OncePerRequestFilter.doFilter(OncePerRequestFilter.java:119)
	at org.apache.catalina.core.ApplicationFilterChain.internalDoFilter(ApplicationFilterChain.java:193)
	at org.apache.catalina.core.ApplicationFilterChain.doFilter(ApplicationFilterChain.java:166)
	at org.springframework.web.filter.CharacterEncodingFilter.doFilterInternal(CharacterEncodingFilter.java:201)
	at org.springframework.web.filter.OncePerRequestFilter.doFilter(OncePerRequestFilter.java:119)
	at org.apache.catalina.core.ApplicationFilterChain.internalDoFilter(ApplicationFilterChain.java:193)
	at org.apache.catalina.core.ApplicationFilterChain.doFilter(ApplicationFilterChain.java:166)
	at org.apache.catalina.core.StandardWrapperValve.invoke(StandardWrapperValve.java:202)
	at org.apache.catalina.core.StandardContextValve.invoke(StandardContextValve.java:96)
	at org.apache.catalina.authenticator.AuthenticatorBase.invoke(AuthenticatorBase.java:541)
	at org.apache.catalina.core.StandardHostValve.invoke(StandardHostValve.java:139)
	at org.apache.catalina.valves.ErrorReportValve.invoke(ErrorReportValve.java:92)
	at org.apache.catalina.core.StandardEngineValve.invoke(StandardEngineValve.java:74)
	at org.apache.catalina.connector.CoyoteAdapter.service(CoyoteAdapter.java:343)
	at org.apache.coyote.http11.Http11Processor.service(Http11Processor.java:367)
	at org.apache.coyote.AbstractProcessorLight.process(AbstractProcessorLight.java:65)
	at org.apache.coyote.AbstractProtocol$ConnectionHandler.process(AbstractProtocol.java:868)
	at org.apache.tomcat.util.net.NioEndpoint$SocketProcessor.doRun(NioEndpoint.java:1639)
	at org.apache.tomcat.util.net.SocketProcessorBase.run(SocketProcessorBase.java:49)
	at java.util.concurrent.ThreadPoolExecutor.runWorker(ThreadPoolExecutor.java:1149)
	at java.util.concurrent.ThreadPoolExecutor$Worker.run(ThreadPoolExecutor.java:624)
	at org.apache.tomcat.util.threads.TaskThread$WrappingRunnable.run(TaskThread.java:61)
	at java.lang.Thread.run(Thread.java:748)
2022-02-13 20:28:32,806 WARN [http-nio-9001-exec-3] c.z.h.p.PoolBase [PoolBase.java:176] MyHikariCP - Failed to validate connection com.mysql.cj.jdbc.ConnectionImpl@69caba52 (No operations allowed after connection closed.). Possibly consider using a shorter maxLifetime value.
2022-02-13 20:28:37,820 WARN [http-nio-9001-exec-3] c.z.h.p.PoolBase [PoolBase.java:176] MyHikariCP - Failed to validate connection com.mysql.cj.jdbc.ConnectionImpl@721dd02d (No operations allowed after connection closed.). Possibly consider using a shorter maxLifetime value.
2022-02-13 20:28:42,836 WARN [http-nio-9001-exec-3] c.z.h.p.PoolBase [PoolBase.java:176] MyHikariCP - Failed to validate connection com.mysql.cj.jdbc.ConnectionImpl@2cf6aca8 (No operations allowed after connection closed.). Possibly consider using a shorter maxLifetime value.
2022-02-13 20:28:47,846 WARN [http-nio-9001-exec-3] c.z.h.p.PoolBase [PoolBase.java:176] MyHikariCP - Failed to validate connection com.mysql.cj.jdbc.ConnectionImpl@58929987 (No operations allowed after connection closed.). Possibly consider using a shorter maxLifetime value.
2022-02-13 20:28:52,863 WARN [http-nio-9001-exec-3] c.z.h.p.PoolBase [PoolBase.java:176] MyHikariCP - Failed to validate connection com.mysql.cj.jdbc.ConnectionImpl@50e25d12 (No operations allowed after connection closed.). Possibly consider using a shorter maxLifetime value.
2022-02-13 21:46:25,130 WARN [http-nio-9001-exec-2] c.z.h.p.PoolBase [PoolBase.java:176] MyHikariCP - Failed to validate connection com.mysql.cj.jdbc.ConnectionImpl@1c4bae5b (No operations allowed after connection closed.). Possibly consider using a shorter maxLifetime value.
2022-02-13 21:46:30,140 WARN [http-nio-9001-exec-2] c.z.h.p.PoolBase [PoolBase.java:176] MyHikariCP - Failed to validate connection com.mysql.cj.jdbc.ConnectionImpl@4915223c (No operations allowed after connection closed.). Possibly consider using a shorter maxLifetime value.
2022-02-13 21:46:35,152 WARN [http-nio-9001-exec-2] c.z.h.p.PoolBase [PoolBase.java:176] MyHikariCP - Failed to validate connection com.mysql.cj.jdbc.ConnectionImpl@645a30a5 (No operations allowed after connection closed.). Possibly consider using a shorter maxLifetime value.
2022-02-13 21:46:40,158 WARN [http-nio-9001-exec-2] c.z.h.p.PoolBase [PoolBase.java:176] MyHikariCP - Failed to validate connection com.mysql.cj.jdbc.ConnectionImpl@6e969580 (No operations allowed after connection closed.). Possibly consider using a shorter maxLifetime value.
2022-02-13 21:46:45,172 WARN [http-nio-9001-exec-2] c.z.h.p.PoolBase [PoolBase.java:176] MyHikariCP - Failed to validate connection com.mysql.cj.jdbc.ConnectionImpl@6d31b4d3 (No operations allowed after connection closed.). Possibly consider using a shorter maxLifetime value.
