2022-01-19 16:15:50,302 INFO [main] e.x.p.PnaWebApplication [StartupInfoLogger.java:50] Starting PnaWebApplication on DESKTOP-RD5KGV1 with PID 12872 (E:\codes\project\pna\pna-web\target\classes started by H in E:\codes\project\pna)
2022-01-19 16:15:50,305 INFO [main] e.x.p.PnaWebApplication [SpringApplication.java:648] No active profile set, falling back to default profiles: default
2022-01-19 16:15:50,848 INFO [main] o.s.d.r.c.RepositoryConfigurationDelegate [RepositoryConfigurationDelegate.java:247] Multiple Spring Data modules found, entering strict repository configuration mode!
2022-01-19 16:15:50,850 INFO [main] o.s.d.r.c.RepositoryConfigurationDelegate [RepositoryConfigurationDelegate.java:127] Bootstrapping Spring Data Redis repositories in DEFAULT mode.
2022-01-19 16:15:50,878 INFO [main] o.s.d.r.c.RepositoryConfigurationDelegate [RepositoryConfigurationDelegate.java:185] Finished Spring Data repository scanning in 18ms. Found 0 Redis repository interfaces.
2022-01-19 16:15:51,234 INFO [main] o.s.b.w.e.t.TomcatWebServer [TomcatWebServer.java:90] Tomcat initialized with port(s): 9001 (http)
2022-01-19 16:15:51,243 INFO [main] o.a.c.h.Http11NioProtocol [DirectJDKLog.java:173] Initializing ProtocolHandler ["http-nio-9001"]
2022-01-19 16:15:51,248 INFO [main] o.a.c.c.StandardService [DirectJDKLog.java:173] Starting service [Tomcat]
2022-01-19 16:15:51,248 INFO [main] o.a.c.c.StandardEngine [DirectJDKLog.java:173] Starting Servlet engine: [Apache Tomcat/9.0.31]
2022-01-19 16:15:51,315 INFO [main] o.a.c.c.C.[.[.[/] [DirectJDKLog.java:173] Initializing Spring embedded WebApplicationContext
2022-01-19 16:15:51,316 INFO [main] o.s.w.c.ContextLoader [ServletWebServerApplicationContext.java:284] Root WebApplicationContext: initialization completed in 975 ms
2022-01-19 16:15:53,066 INFO [main] o.s.s.c.ThreadPoolTaskExecutor [ExecutorConfigurationSupport.java:171] Initializing ExecutorService 'applicationTaskExecutor'
2022-01-19 16:15:53,446 INFO [main] o.a.c.h.Http11NioProtocol [DirectJDKLog.java:173] Starting ProtocolHandler ["http-nio-9001"]
2022-01-19 16:15:53,467 INFO [main] o.s.b.w.e.t.TomcatWebServer [TomcatWebServer.java:202] Tomcat started on port(s): 9001 (http) with context path ''
2022-01-19 16:15:53,469 INFO [main] e.x.p.PnaWebApplication [StartupInfoLogger.java:59] Started PnaWebApplication in 3.51 seconds (JVM running for 4.852)
2022-01-19 16:16:12,734 INFO [http-nio-9001-exec-1] o.a.c.c.C.[.[.[/] [DirectJDKLog.java:173] Initializing Spring DispatcherServlet 'dispatcherServlet'
2022-01-19 16:16:12,735 INFO [http-nio-9001-exec-1] o.s.w.s.DispatcherServlet [FrameworkServlet.java:525] Initializing Servlet 'dispatcherServlet'
2022-01-19 16:16:12,741 INFO [http-nio-9001-exec-1] o.s.w.s.DispatcherServlet [FrameworkServlet.java:547] Completed initialization in 6 ms
2022-01-19 16:16:12,823 INFO [http-nio-9001-exec-1] i.l.c.EpollProvider [EpollProvider.java:68] Starting without optional epoll library
2022-01-19 16:16:12,824 INFO [http-nio-9001-exec-1] i.l.c.KqueueProvider [KqueueProvider.java:70] Starting without optional kqueue library
2022-01-19 16:16:14,439 INFO [http-nio-9001-exec-1] e.x.p.w.h.MybatisFillHandler [MybatisFillHandler.java:21] start insert fill ....
2022-01-19 16:16:14,446 INFO [http-nio-9001-exec-1] c.z.h.HikariDataSource [HikariDataSource.java:110] MyHikariCP - Starting...
2022-01-19 16:16:15,614 INFO [http-nio-9001-exec-1] c.z.h.HikariDataSource [HikariDataSource.java:123] MyHikariCP - Start completed.
2022-01-19 16:16:15,715 INFO [taskThread] e.x.p.w.h.MybatisFillHandler [MybatisFillHandler.java:34] start update fill ....
2022-01-19 16:16:15,778 INFO [taskThread] e.x.p.w.h.MybatisFillHandler [MybatisFillHandler.java:34] start update fill ....
2022-01-19 16:47:22,351 INFO [Thread-8] o.s.s.c.ThreadPoolTaskExecutor [ExecutorConfigurationSupport.java:208] Shutting down ExecutorService 'applicationTaskExecutor'
2022-01-19 16:47:22,352 INFO [Thread-8] c.z.h.HikariDataSource [HikariDataSource.java:350] MyHikariCP - Shutdown initiated...
2022-01-19 16:47:22,357 INFO [Thread-8] c.z.h.HikariDataSource [HikariDataSource.java:352] MyHikariCP - Shutdown completed.
